-------------------------------------------------------------------------------
Test set: org.javcarfer.services.PaintServiceTest
-------------------------------------------------------------------------------
Tests run: 4, Failures: 0, Errors: 2, Skipped: 0, Time elapsed: 5.084 s <<< FAILURE! - in org.javcarfer.services.PaintServiceTest
updateTest  Time elapsed: 0.242 s  <<< ERROR!
org.springframework.dao.DataIntegrityViolationException: could not execute statement; SQL [n/a]; constraint [paints.PRIMARY]; nested exception is org.hibernate.exception.ConstraintViolationException: could not execute statement
	at org.javcarfer.services.PaintServiceTest.updateTest(PaintServiceTest.java:32)
Caused by: org.hibernate.exception.ConstraintViolationException: could not execute statement
	at org.javcarfer.services.PaintServiceTest.updateTest(PaintServiceTest.java:32)
Caused by: java.sql.SQLIntegrityConstraintViolationException: Duplicate entry '1' for key 'paints.PRIMARY'
	at org.javcarfer.services.PaintServiceTest.updateTest(PaintServiceTest.java:32)

createTest  Time elapsed: 0.011 s  <<< ERROR!
org.springframework.dao.DataIntegrityViolationException: could not execute statement; SQL [n/a]; constraint [paints.PRIMARY]; nested exception is org.hibernate.exception.ConstraintViolationException: could not execute statement
	at org.javcarfer.services.PaintServiceTest.createTest(PaintServiceTest.java:21)
Caused by: org.hibernate.exception.ConstraintViolationException: could not execute statement
	at org.javcarfer.services.PaintServiceTest.createTest(PaintServiceTest.java:21)
Caused by: java.sql.SQLIntegrityConstraintViolationException: Duplicate entry '2' for key 'paints.PRIMARY'
	at org.javcarfer.services.PaintServiceTest.createTest(PaintServiceTest.java:21)

