<?xml version="1.0" encoding="UTF-8"?>
<testsuite xmlns:xsi="http://www.w3.org/2001/XMLSchema-instance" xsi:noNamespaceSchemaLocation="https://maven.apache.org/surefire/maven-surefire-plugin/xsd/surefire-test-report.xsd" name="org.javcarfer.services.PaintServiceTest" time="5.084" tests="4" errors="2" skipped="0" failures="0">
  <properties>
[...]
</properties>
  <testcase name="updateTest" classname="org.javcarfer.services.PaintServiceTest" time="0.242">
    <error message="could not execute statement; SQL [n/a]; constraint [paints.PRIMARY]; nested exception is org.hibernate.exception.ConstraintViolationException: could not execute statement" type="org.springframework.dao.DataIntegrityViolationException">org.springframework.dao.DataIntegrityViolationException: could not execute statement; SQL [n/a]; constraint [paints.PRIMARY]; nested exception is org.hibernate.exception.ConstraintViolationException: could not execute statement
	at org.javcarfer.services.PaintServiceTest.updateTest(PaintServiceTest.java:32)
Caused by: org.hibernate.exception.ConstraintViolationException: could not execute statement
	at org.javcarfer.services.PaintServiceTest.updateTest(PaintServiceTest.java:32)
Caused by: java.sql.SQLIntegrityConstraintViolationException: Duplicate entry '1' for key 'paints.PRIMARY'
	at org.javcarfer.services.PaintServiceTest.updateTest(PaintServiceTest.java:32)
</error>
    <system-out><![CDATA[2020-08-12 14:55:00.606  INFO 14032 --- [           main] .b.t.c.SpringBootTestContextBootstrapper : Neither @ContextConfiguration nor @ContextHierarchy found for test class [org.javcarfer.services.PaintServiceTest], using SpringBootContextLoader
2020-08-12 14:55:00.606  INFO 14032 --- [           main] o.s.t.c.support.AbstractContextLoader    : Could not detect default resource locations for test class [org.javcarfer.services.PaintServiceTest]: no resource found for suffixes {-context.xml, Context.groovy}.
2020-08-12 14:55:00.606  INFO 14032 --- [           main] t.c.s.AnnotationConfigContextLoaderUtils : Could not detect default configuration classes for test class [org.javcarfer.services.PaintServiceTest]: PaintServiceTest does not declare any static, non-private, non-final, nested classes annotated with @Configuration.
2020-08-12 14:55:00.611  INFO 14032 --- [           main] .b.t.c.SpringBootTestContextBootstrapper : Found @SpringBootConfiguration org.javcarfer.App for test class org.javcarfer.services.PaintServiceTest
2020-08-12 14:55:00.613  INFO 14032 --- [           main] .b.t.c.SpringBootTestContextBootstrapper : Loaded default TestExecutionListener class names from location [META-INF/spring.factories]: [org.springframework.boot.test.mock.mockito.MockitoTestExecutionListener, org.springframework.boot.test.mock.mockito.ResetMocksTestExecutionListener, org.springframework.boot.test.autoconfigure.restdocs.RestDocsTestExecutionListener, org.springframework.boot.test.autoconfigure.web.client.MockRestServiceServerResetTestExecutionListener, org.springframework.boot.test.autoconfigure.web.servlet.MockMvcPrintOnlyOnFailureTestExecutionListener, org.springframework.boot.test.autoconfigure.web.servlet.WebDriverTestExecutionListener, org.springframework.boot.test.autoconfigure.webservices.client.MockWebServiceServerTestExecutionListener, org.springframework.security.test.context.support.WithSecurityContextTestExecutionListener, org.springframework.security.test.context.support.ReactorContextTestExecutionListener, org.springframework.test.context.web.ServletTestExecutionListener, org.springframework.test.context.support.DirtiesContextBeforeModesTestExecutionListener, org.springframework.test.context.support.DependencyInjectionTestExecutionListener, org.springframework.test.context.support.DirtiesContextTestExecutionListener, org.springframework.test.context.transaction.TransactionalTestExecutionListener, org.springframework.test.context.jdbc.SqlScriptsTestExecutionListener, org.springframework.test.context.event.EventPublishingTestExecutionListener]
2020-08-12 14:55:00.614  INFO 14032 --- [           main] .b.t.c.SpringBootTestContextBootstrapper : Using TestExecutionListeners: [org.springframework.test.context.web.ServletTestExecutionListener@3b8b4846, org.springframework.test.context.support.DirtiesContextBeforeModesTestExecutionListener@4e357792, org.springframework.boot.test.mock.mockito.MockitoTestExecutionListener@50734cea, org.springframework.boot.test.autoconfigure.SpringBootDependencyInjectionTestExecutionListener@4e6280de, org.springframework.test.context.support.DirtiesContextTestExecutionListener@2fca282c, org.springframework.test.context.transaction.TransactionalTestExecutionListener@4a2653a0, org.springframework.test.context.jdbc.SqlScriptsTestExecutionListener@784212, org.springframework.security.test.context.support.WithSecurityContextTestExecutionListener@5ac646b3, org.springframework.test.context.event.EventPublishingTestExecutionListener@24b38e8f, org.springframework.security.test.context.support.ReactorContextTestExecutionListener@5cf072ea, org.springframework.boot.test.mock.mockito.ResetMocksTestExecutionListener@1edac3b4, org.springframework.boot.test.autoconfigure.restdocs.RestDocsTestExecutionListener@7641ed02, org.springframework.boot.test.autoconfigure.web.client.MockRestServiceServerResetTestExecutionListener@4ebed2b3, org.springframework.boot.test.autoconfigure.web.servlet.MockMvcPrintOnlyOnFailureTestExecutionListener@11069eac, org.springframework.boot.test.autoconfigure.web.servlet.WebDriverTestExecutionListener@5909285b, org.springframework.boot.test.autoconfigure.webservices.client.MockWebServiceServerTestExecutionListener@2059f785]

  .   ____          _            __ _ _
 /\\ / ___'_ __ _ _(_)_ __  __ _ \ \ \ \
( ( )\___ | '_ | '_| | '_ \/ _` | \ \ \ \
 \\/  ___)| |_)| | | | | || (_| |  ) ) ) )
  '  |____| .__|_| |_|_| |_\__, | / / / /
 =========|_|==============|___/=/_/_/_/
 :: Spring Boot ::        (v2.3.1.RELEASE)

2020-08-12 14:55:00.636  INFO 14032 --- [           main] org.javcarfer.services.PaintServiceTest  : Starting PaintServiceTest on DESKTOP-K15HJOU with PID 14032 (started by Usuario in D:\Programación\Java\Painting)
2020-08-12 14:55:00.637  INFO 14032 --- [           main] org.javcarfer.services.PaintServiceTest  : No active profile set, falling back to default profiles: default
2020-08-12 14:55:03.615  INFO 14032 --- [           main] .s.d.r.c.RepositoryConfigurationDelegate : Bootstrapping Spring Data JPA repositories in DEFAULT mode.
2020-08-12 14:55:03.625  INFO 14032 --- [           main] .s.d.r.c.RepositoryConfigurationDelegate : Finished Spring Data repository scanning in 10ms. Found 2 JPA repository interfaces.
2020-08-12 14:55:03.808  INFO 14032 --- [           main] o.hibernate.jpa.internal.util.LogHelper  : HHH000204: Processing PersistenceUnitInfo [name: default]
2020-08-12 14:55:03.814  INFO 14032 --- [           main] com.zaxxer.hikari.HikariDataSource       : HikariPool-2 - Starting...
2020-08-12 14:55:03.876  INFO 14032 --- [           main] com.zaxxer.hikari.HikariDataSource       : HikariPool-2 - Start completed.
2020-08-12 14:55:03.877  INFO 14032 --- [           main] org.hibernate.dialect.Dialect            : HHH000400: Using dialect: org.hibernate.dialect.MySQL8Dialect
2020-08-12 14:55:03.895  INFO 14032 --- [           main] o.hibernate.id.enhanced.TableGenerator   : HHH000398: Explicit segment value for id generator [SEQUENCES.sequence_name] suggested; using default [DomainObject]
2020-08-12 14:55:03.970 DEBUG 14032 --- [           main] org.hibernate.SQL                        : alter table UserAccount_authorities drop foreign key FKgqsunvr5shtkfn8xvyh9wdlod
2020-08-12 14:55:04.000 DEBUG 14032 --- [           main] org.hibernate.SQL                        : drop table if exists paints
2020-08-12 14:55:04.025 DEBUG 14032 --- [           main] org.hibernate.SQL                        : drop table if exists SEQUENCES
2020-08-12 14:55:04.050 DEBUG 14032 --- [           main] org.hibernate.SQL                        : drop table if exists UserAccount
2020-08-12 14:55:04.081 DEBUG 14032 --- [           main] org.hibernate.SQL                        : drop table if exists UserAccount_authorities
2020-08-12 14:55:04.105 DEBUG 14032 --- [           main] org.hibernate.SQL                        : create table paints (id integer not null, version integer, brand varchar(255), brandRange varchar(255), code varchar(255), name varchar(255), primary key (id)) engine=InnoDB
2020-08-12 14:55:04.160 DEBUG 14032 --- [           main] org.hibernate.SQL                        : create table SEQUENCES (sequence_name varchar(255) not null, next_val bigint, primary key (sequence_name)) engine=InnoDB
2020-08-12 14:55:04.200 DEBUG 14032 --- [           main] org.hibernate.SQL                        : insert into SEQUENCES(sequence_name, next_val) values ('DomainObject',0)
2020-08-12 14:55:04.208 DEBUG 14032 --- [           main] org.hibernate.SQL                        : create table UserAccount (id integer not null, version integer, createdAt datetime(6), password varchar(32), username varchar(32), primary key (id)) engine=InnoDB
2020-08-12 14:55:04.245 DEBUG 14032 --- [           main] org.hibernate.SQL                        : create table UserAccount_authorities (UserAccount_id integer not null, authority varchar(255)) engine=InnoDB
2020-08-12 14:55:04.274 DEBUG 14032 --- [           main] org.hibernate.SQL                        : alter table UserAccount add constraint UK_csivo9yqa08nrbkog71ycilh5 unique (username)
2020-08-12 14:55:04.301 DEBUG 14032 --- [           main] org.hibernate.SQL                        : alter table UserAccount_authorities add constraint FKgqsunvr5shtkfn8xvyh9wdlod foreign key (UserAccount_id) references UserAccount (id)
2020-08-12 14:55:04.455  INFO 14032 --- [           main] o.h.t.schema.internal.SchemaCreatorImpl  : HHH000476: Executing import script 'file:/D:/Programaci%C3%B3n/Java/Painting/target/classes/import.sql'
2020-08-12 14:55:04.455 DEBUG 14032 --- [           main] org.hibernate.SQL                        : # Para lanzar datos de prueba, meter los insert
2020-08-12 14:55:04.458 DEBUG 14032 --- [           main] org.hibernate.SQL                        : INSERT INTO paints (`id`,`version`,`brand`,`code`,`name`,`brandRange`) VALUES(1,3,"Scale75","SFG-11","Bloodfest Crimson","Fantasy Games")
2020-08-12 14:55:04.467 DEBUG 14032 --- [           main] org.hibernate.SQL                        : INSERT INTO paints (`id`,`version`,`brand`,`code`,`name`,`brandRange`) VALUES(2,1,"Vallejo","72.148","Heavy Warmgrey","Game Extra Opaque")
2020-08-12 14:55:04.477 DEBUG 14032 --- [           main] org.hibernate.SQL                        : INSERT INTO paints (`id`,`version`,`brand`,`code`,`name`,`brandRange`) VALUES(3,0,"Reaper","09403","Monster Maw",NULL)
2020-08-12 14:55:04.489 DEBUG 14032 --- [           main] org.hibernate.SQL                        : INSERT INTO paints (`id`,`version`,`brand`,`code`,`name`,`brandRange`) VALUES(52,0,"Warcolours",NULL,"Metallic white",NULL)
2020-08-12 14:55:04.499 DEBUG 14032 --- [           main] org.hibernate.SQL                        : INSERT INTO paints (`id`,`version`,`brand`,`code`,`name`,`brandRange`) VALUES(102,0,"Jo sonja",NULL,"Yellow green",NULL)
2020-08-12 14:55:04.507 DEBUG 14032 --- [           main] org.hibernate.SQL                        : INSERT INTO paints (`id`,`version`,`brand`,`code`,`name`,`brandRange`) VALUES(104,1,"Citadel",NULL,"Athonian Camoshade","Shade")
2020-08-12 14:55:04.512 DEBUG 14032 --- [           main] org.hibernate.SQL                        : INSERT INTO paints (`id`,`version`,`brand`,`code`,`name`,`brandRange`) VALUES(152,2,"Scale75","SFG-08","Marduk Yellow","Fantasy Games")
2020-08-12 14:55:04.518 DEBUG 14032 --- [           main] org.hibernate.SQL                        : INSERT INTO paints (`id`,`version`,`brand`,`code`,`name`,`brandRange`) VALUES(153,1,"Vallejo","71.082","Fluorescent red","Model Air")
2020-08-12 14:55:04.523 DEBUG 14032 --- [           main] org.hibernate.SQL                        : INSERT INTO paints (`id`,`version`,`brand`,`code`,`name`,`brandRange`) VALUES(154,2,"Scale75","SC-75","Alquimia Citrina","Scale Color")
2020-08-12 14:55:04.529 DEBUG 14032 --- [           main] org.hibernate.SQL                        : INSERT INTO paints (`id`,`version`,`brand`,`code`,`name`,`brandRange`) VALUES(202,1,"Citadel",NULL,"Retributor Armour","Base Colour")
2020-08-12 14:55:04.542 DEBUG 14032 --- [           main] org.hibernate.SQL                        : INSERT INTO paints (`id`,`version`,`brand`,`code`,`name`,`brandRange`) VALUES(304,0,"Vallejo","70.843","Cork Brown","Model Color")
2020-08-12 14:55:04.549 DEBUG 14032 --- [           main] org.hibernate.SQL                        : INSERT INTO paints (`id`,`version`,`brand`,`code`,`name`,`brandRange`) VALUES(305,1,"Scale75","SFX-02","Acid Pink","FX Fluor")
2020-08-12 14:55:04.555 DEBUG 14032 --- [           main] org.hibernate.SQL                        : INSERT INTO paints (`id`,`version`,`brand`,`code`,`name`,`brandRange`) VALUES(306,2,"Vallejo","70.982","Cavalry Brown","Model Color")
2020-08-12 14:55:04.561  INFO 14032 --- [           main] o.h.e.t.j.p.i.JtaPlatformInitiator       : HHH000490: Using JtaPlatform implementation: [org.hibernate.engine.transaction.jta.platform.internal.NoJtaPlatform]
2020-08-12 14:55:04.563  INFO 14032 --- [           main] j.LocalContainerEntityManagerFactoryBean : Initialized JPA EntityManagerFactory for persistence unit 'default'
2020-08-12 14:55:04.678  WARN 14032 --- [           main] JpaBaseConfiguration$JpaWebConfiguration : spring.jpa.open-in-view is enabled by default. Therefore, database queries may be performed during view rendering. Explicitly configure spring.jpa.open-in-view to disable this warning
2020-08-12 14:55:04.878  INFO 14032 --- [           main] o.s.s.web.DefaultSecurityFilterChain     : Creating filter chain: any request, [org.springframework.security.web.context.request.async.WebAsyncManagerIntegrationFilter@522f0bb8, org.springframework.security.web.context.SecurityContextPersistenceFilter@30ed2a26, org.springframework.security.web.header.HeaderWriterFilter@2e057637, org.springframework.security.web.authentication.logout.LogoutFilter@4dffa400, org.springframework.security.web.authentication.www.BasicAuthenticationFilter@441016d6, org.springframework.security.web.savedrequest.RequestCacheAwareFilter@1bf10539, org.springframework.security.web.servletapi.SecurityContextHolderAwareRequestFilter@1e406cbe, org.springframework.security.web.authentication.AnonymousAuthenticationFilter@468f2a6f, org.springframework.security.web.session.SessionManagementFilter@762f8ff6, org.springframework.security.web.access.ExceptionTranslationFilter@30437e9c, org.springframework.security.web.access.intercept.FilterSecurityInterceptor@2431050d]
2020-08-12 14:55:05.342  INFO 14032 --- [           main] org.javcarfer.services.PaintServiceTest  : Started PaintServiceTest in 4.726 seconds (JVM running for 13.036)
2020-08-12 14:55:05.425 DEBUG 14032 --- [           main] org.hibernate.SQL                        : select paint0_.id as id1_0_, paint0_.version as version2_0_, paint0_.brand as brand1_1_, paint0_.brandRange as brandran2_1_, paint0_.code as code3_1_, paint0_.name as name4_1_ from paints paint0_
2020-08-12 14:55:05.477 DEBUG 14032 --- [           main] org.hibernate.SQL                        : select paint0_.id as id1_0_, paint0_.version as version2_0_, paint0_.brand as brand1_1_, paint0_.brandRange as brandran2_1_, paint0_.code as code3_1_, paint0_.name as name4_1_ from paints paint0_
2020-08-12 14:55:05.508 DEBUG 14032 --- [           main] org.hibernate.SQL                        : select tbl.next_val from SEQUENCES tbl where tbl.sequence_name=? for update
2020-08-12 14:55:05.511 DEBUG 14032 --- [           main] org.hibernate.SQL                        : update SEQUENCES set next_val=?  where next_val=? and sequence_name=?
2020-08-12 14:55:05.519 DEBUG 14032 --- [           main] org.hibernate.SQL                        : select tbl.next_val from SEQUENCES tbl where tbl.sequence_name=? for update
2020-08-12 14:55:05.521 DEBUG 14032 --- [           main] org.hibernate.SQL                        : update SEQUENCES set next_val=?  where next_val=? and sequence_name=?
2020-08-12 14:55:05.566 DEBUG 14032 --- [           main] org.hibernate.SQL                        : insert into paints (version, brand, brandRange, code, name, id) values (?, ?, ?, ?, ?, ?)
2020-08-12 14:55:05.569  WARN 14032 --- [           main] o.h.engine.jdbc.spi.SqlExceptionHelper   : SQL Error: 1062, SQLState: 23000
2020-08-12 14:55:05.569 ERROR 14032 --- [           main] o.h.engine.jdbc.spi.SqlExceptionHelper   : Duplicate entry '1' for key 'paints.PRIMARY'
]]></system-out>
  </testcase>
  <testcase name="findAllTest" classname="org.javcarfer.services.PaintServiceTest" time="0.024"/>
  <testcase name="createTest" classname="org.javcarfer.services.PaintServiceTest" time="0.011">
    <error message="could not execute statement; SQL [n/a]; constraint [paints.PRIMARY]; nested exception is org.hibernate.exception.ConstraintViolationException: could not execute statement" type="org.springframework.dao.DataIntegrityViolationException">org.springframework.dao.DataIntegrityViolationException: could not execute statement; SQL [n/a]; constraint [paints.PRIMARY]; nested exception is org.hibernate.exception.ConstraintViolationException: could not execute statement
	at org.javcarfer.services.PaintServiceTest.createTest(PaintServiceTest.java:21)
Caused by: org.hibernate.exception.ConstraintViolationException: could not execute statement
	at org.javcarfer.services.PaintServiceTest.createTest(PaintServiceTest.java:21)
Caused by: java.sql.SQLIntegrityConstraintViolationException: Duplicate entry '2' for key 'paints.PRIMARY'
	at org.javcarfer.services.PaintServiceTest.createTest(PaintServiceTest.java:21)
</error>
    <system-out><![CDATA[2020-08-12 14:55:05.619 DEBUG 14032 --- [           main] org.hibernate.SQL                        : insert into paints (version, brand, brandRange, code, name, id) values (?, ?, ?, ?, ?, ?)
2020-08-12 14:55:05.621  WARN 14032 --- [           main] o.h.engine.jdbc.spi.SqlExceptionHelper   : SQL Error: 1062, SQLState: 23000
2020-08-12 14:55:05.621 ERROR 14032 --- [           main] o.h.engine.jdbc.spi.SqlExceptionHelper   : Duplicate entry '2' for key 'paints.PRIMARY'
]]></system-out>
  </testcase>
  <testcase name="deleteTest" classname="org.javcarfer.services.PaintServiceTest" time="0.083"/>
</testsuite>